<?xml version="1.0" encoding="UTF-8"?>
<!-- Generated by org.testng.reporters.JUnitXMLReporter -->
<testsuite hostname="LIN13002607" ignored="0" name="Default test" tests="1" failures="0" timestamp="2020-10-28T08:31:36 IST" time="0.147" errors="0">
  <testcase name="@BeforeTest setup" time="-1.60385409589E9" classname="demo.TestNGMultiBrowserDemo">
    <failure type="org.testng.TestNGException" message="
Parameter &amp;apos;BrowserName&amp;apos; is required by BeforeTest on method setup but has not been marked @Optional or defined
in C:\Users\pranjlti\AppData\Local\Temp\testng-eclipse-1571220417\testng-customsuite.xml">
      <![CDATA[org.testng.TestNGException: 
Parameter 'BrowserName' is required by BeforeTest on method setup but has not been marked @Optional or defined
in C:\Users\pranjlti\AppData\Local\Temp\testng-eclipse-1571220417\testng-customsuite.xml
]]>
    </failure>
  </testcase> <!-- @BeforeTest setup -->
  <testcase name="test" time="0.0" classname="demo.TestNGMultiBrowserDemo">
    <skipped/>
  </testcase> <!-- test -->
</testsuite> <!-- Default test -->
