<?xml version="1.0" encoding="UTF-8"?>
<!-- Generated by org.testng.reporters.JUnitReportReporter -->
<testsuite skipped="1" hostname="LIN13002607" name="demo.TestNGMultiBrowserDemo" tests="2" failures="0" timestamp="2020-10-28T08:31:36 IST" time="-1603854080.000" errors="1">
  <testcase name="test" time="0.000" classname="demo.TestNGMultiBrowserDemo">
    <skipped/>
  </testcase> <!-- test -->
  <system-out/>
  <testcase name="setup" time="-1603854080.000" classname="demo.TestNGMultiBrowserDemo">
    <error type="org.testng.TestNGException" message="
Parameter &#039;BrowserName&#039; is required by BeforeTest on method setup but has not been marked @Optional or defined
in C:\Users\pranjlti\AppData\Local\Temp\testng-eclipse-1571220417\testng-customsuite.xml">
      <![CDATA[org.testng.TestNGException: 
Parameter 'BrowserName' is required by BeforeTest on method setup but has not been marked @Optional or defined
in C:\Users\pranjlti\AppData\Local\Temp\testng-eclipse-1571220417\testng-customsuite.xml
]]>
    </error>
  </testcase> <!-- setup -->
  <system-out/>
</testsuite> <!-- demo.TestNGMultiBrowserDemo -->
